20:40:13.155 [main] INFO  com.skillassure.happytrip.tests.ScheduleFlightTestCase1 - initializing the method
20:40:21.035 [main] INFO  com.skillassure.happytrip.tests.ScheduleFlightTestCase1 - entering as admin
20:40:22.197 [main] INFO  com.skillassure.happytrip.tests.ScheduleFlightTestCase1 - closing the browser
20:43:22.853 [main] INFO  com.skillassure.happytrip.tests.ScheduleFlightTestCase1 - initializing the method
20:43:31.037 [main] INFO  com.skillassure.happytrip.tests.ScheduleFlightTestCase1 - entering as admin
20:43:32.235 [main] INFO  com.skillassure.happytrip.tests.ScheduleFlightTestCase1 - closing the browser
20:43:33.421 [main] INFO  com.skillassure.happytrip.tests.ScheduleFlightTestCase2 - initializing the method
20:43:40.161 [main] INFO  com.skillassure.happytrip.tests.ScheduleFlightTestCase2 - entering the flight
20:43:44.058 [main] INFO  com.skillassure.happytrip.tests.ScheduleFlightTestCase3 - initializing the method
20:43:51.260 [main] INFO  com.skillassure.happytrip.tests.ScheduleFlightTestCase3 - select the route
20:43:54.982 [main] INFO  com.skillassure.happytrip.tests.ScheduleFlightTestCase4 - initializing the method
20:44:01.799 [main] INFO  com.skillassure.happytrip.tests.ScheduleFlightTestCase4 - flll the distance
20:44:05.559 [main] INFO  com.skillassure.happytrip.tests.ScheduleFlightTestCase5 - initializing the method
20:44:12.312 [main] INFO  com.skillassure.happytrip.tests.ScheduleFlightTestCase5 - select the departure date
20:44:15.589 [main] INFO  com.skillassure.happytrip.tests.ScheduleFlightTestCase6 - initializing the method
20:44:22.213 [main] INFO  com.skillassure.happytrip.tests.ScheduleFlightTestCase6 - select the departure time
20:44:25.884 [main] INFO  com.skillassure.happytrip.tests.ScheduleFlightTestCase7 - initializing the method
20:44:32.525 [main] INFO  com.skillassure.happytrip.tests.ScheduleFlightTestCase7 - select the arrival date
20:44:36.950 [main] INFO  com.skillassure.happytrip.tests.ScheduleFlightTestCase8 - initializing the method
20:44:43.947 [main] INFO  com.skillassure.happytrip.tests.ScheduleFlightTestCase8 - select the arrival time
20:44:48.544 [main] INFO  com.skillassure.happytrip.tests.ScheduleFlightTestCase9 - initializing the method
20:44:55.367 [main] INFO  com.skillassure.happytrip.tests.ScheduleFlightTestCase9 - fill the business seat amount
20:44:59.438 [main] INFO  com.skillassure.happytrip.tests.ScheduleFlightTestCase10 - initializing the method
20:45:06.313 [main] INFO  com.skillassure.happytrip.tests.ScheduleFlightTestCase10 - checking add button
20:49:37.980 [main] INFO  com.skillassure.happytrip.tests.ScheduleFlightTestCase1 - initializing the method
20:49:46.073 [main] INFO  com.skillassure.happytrip.tests.ScheduleFlightTestCase1 - entering as admin
20:49:47.314 [main] INFO  com.skillassure.happytrip.tests.ScheduleFlightTestCase1 - closing the browser
20:49:48.251 [main] INFO  com.skillassure.happytrip.tests.ScheduleFlightTestCase2 - initializing the method
20:49:54.760 [main] INFO  com.skillassure.happytrip.tests.ScheduleFlightTestCase2 - entering the flight
20:49:57.471 [main] INFO  com.skillassure.happytrip.tests.ScheduleFlightTestCase3 - initializing the method
20:50:04.258 [main] INFO  com.skillassure.happytrip.tests.ScheduleFlightTestCase3 - select the route
20:50:07.116 [main] INFO  com.skillassure.happytrip.tests.ScheduleFlightTestCase4 - initializing the method
20:50:13.833 [main] INFO  com.skillassure.happytrip.tests.ScheduleFlightTestCase4 - flll the distance
20:50:17.288 [main] INFO  com.skillassure.happytrip.tests.ScheduleFlightTestCase5 - initializing the method
20:50:23.897 [main] INFO  com.skillassure.happytrip.tests.ScheduleFlightTestCase5 - select the departure date
20:50:27.477 [main] INFO  com.skillassure.happytrip.tests.ScheduleFlightTestCase6 - initializing the method
20:50:34.006 [main] INFO  com.skillassure.happytrip.tests.ScheduleFlightTestCase6 - select the departure time
20:50:38.274 [main] INFO  com.skillassure.happytrip.tests.ScheduleFlightTestCase7 - initializing the method
20:50:45.143 [main] INFO  com.skillassure.happytrip.tests.ScheduleFlightTestCase7 - select the arrival date
20:50:48.772 [main] INFO  com.skillassure.happytrip.tests.ScheduleFlightTestCase8 - initializing the method
20:50:55.464 [main] INFO  com.skillassure.happytrip.tests.ScheduleFlightTestCase8 - select the arrival time
20:50:59.385 [main] INFO  com.skillassure.happytrip.tests.ScheduleFlightTestCase9 - initializing the method
20:51:06.557 [main] INFO  com.skillassure.happytrip.tests.ScheduleFlightTestCase9 - fill the business seat amount
20:51:11.603 [main] INFO  com.skillassure.happytrip.tests.ScheduleFlightTestCase10 - initializing the method
20:51:19.147 [main] INFO  com.skillassure.happytrip.tests.ScheduleFlightTestCase10 - checking add button
20:55:38.820 [main] INFO  com.skillassure.happytrip.tests.ScheduleFlightTestCase1 - initializing the method
20:55:46.998 [main] INFO  com.skillassure.happytrip.tests.ScheduleFlightTestCase1 - entering as admin
20:55:48.330 [main] INFO  com.skillassure.happytrip.tests.ScheduleFlightTestCase1 - closing the browser
20:55:49.277 [main] INFO  com.skillassure.happytrip.tests.ScheduleFlightTestCase2 - initializing the method
20:55:55.953 [main] INFO  com.skillassure.happytrip.tests.ScheduleFlightTestCase2 - entering the flight
20:55:58.910 [main] INFO  com.skillassure.happytrip.tests.ScheduleFlightTestCase3 - initializing the method
20:56:05.648 [main] INFO  com.skillassure.happytrip.tests.ScheduleFlightTestCase3 - select the route
20:56:08.637 [main] INFO  com.skillassure.happytrip.tests.ScheduleFlightTestCase4 - initializing the method
20:56:15.565 [main] INFO  com.skillassure.happytrip.tests.ScheduleFlightTestCase4 - flll the distance
20:56:18.787 [main] INFO  com.skillassure.happytrip.tests.ScheduleFlightTestCase5 - initializing the method
20:56:26.266 [main] INFO  com.skillassure.happytrip.tests.ScheduleFlightTestCase5 - select the departure date
20:56:30.068 [main] INFO  com.skillassure.happytrip.tests.ScheduleFlightTestCase6 - initializing the method
20:56:36.722 [main] INFO  com.skillassure.happytrip.tests.ScheduleFlightTestCase6 - select the departure time
20:56:39.957 [main] INFO  com.skillassure.happytrip.tests.ScheduleFlightTestCase7 - initializing the method
20:56:46.733 [main] INFO  com.skillassure.happytrip.tests.ScheduleFlightTestCase7 - select the arrival date
20:56:51.391 [main] INFO  com.skillassure.happytrip.tests.ScheduleFlightTestCase8 - initializing the method
20:56:58.300 [main] INFO  com.skillassure.happytrip.tests.ScheduleFlightTestCase8 - select the arrival time
20:57:02.521 [main] INFO  com.skillassure.happytrip.tests.ScheduleFlightTestCase9 - initializing the method
20:57:09.225 [main] INFO  com.skillassure.happytrip.tests.ScheduleFlightTestCase9 - fill the business seat amount
20:57:13.446 [main] INFO  com.skillassure.happytrip.tests.ScheduleFlightTestCase10 - initializing the method
20:57:20.195 [main] INFO  com.skillassure.happytrip.tests.ScheduleFlightTestCase10 - checking add button
21:00:08.849 [main] INFO  com.skillassure.happytrip.tests.ScheduleFlightTestCase1 - initializing the method
21:00:17.511 [main] INFO  com.skillassure.happytrip.tests.ScheduleFlightTestCase1 - entering as admin
21:00:18.762 [main] INFO  com.skillassure.happytrip.tests.ScheduleFlightTestCase1 - closing the browser
21:00:19.673 [main] INFO  com.skillassure.happytrip.tests.ScheduleFlightTestCase2 - initializing the method
21:00:26.397 [main] INFO  com.skillassure.happytrip.tests.ScheduleFlightTestCase2 - entering the flight
21:00:29.815 [main] INFO  com.skillassure.happytrip.tests.ScheduleFlightTestCase3 - initializing the method
21:00:36.544 [main] INFO  com.skillassure.happytrip.tests.ScheduleFlightTestCase3 - select the route
21:00:39.883 [main] INFO  com.skillassure.happytrip.tests.ScheduleFlightTestCase4 - initializing the method
21:00:46.682 [main] INFO  com.skillassure.happytrip.tests.ScheduleFlightTestCase4 - flll the distance
21:00:49.634 [main] INFO  com.skillassure.happytrip.tests.ScheduleFlightTestCase5 - initializing the method
21:00:56.370 [main] INFO  com.skillassure.happytrip.tests.ScheduleFlightTestCase5 - select the departure date
21:01:00.063 [main] INFO  com.skillassure.happytrip.tests.ScheduleFlightTestCase6 - initializing the method
21:01:07.736 [main] INFO  com.skillassure.happytrip.tests.ScheduleFlightTestCase6 - select the departure time
21:01:11.661 [main] INFO  com.skillassure.happytrip.tests.ScheduleFlightTestCase7 - initializing the method
21:01:18.611 [main] INFO  com.skillassure.happytrip.tests.ScheduleFlightTestCase7 - select the arrival date
21:01:22.535 [main] INFO  com.skillassure.happytrip.tests.ScheduleFlightTestCase8 - initializing the method
21:01:29.212 [main] INFO  com.skillassure.happytrip.tests.ScheduleFlightTestCase8 - select the arrival time
21:01:33.463 [main] INFO  com.skillassure.happytrip.tests.ScheduleFlightTestCase9 - initializing the method
21:01:40.165 [main] INFO  com.skillassure.happytrip.tests.ScheduleFlightTestCase9 - fill the business seat amount
21:01:44.597 [main] INFO  com.skillassure.happytrip.tests.ScheduleFlightTestCase10 - initializing the method
21:01:51.262 [main] INFO  com.skillassure.happytrip.tests.ScheduleFlightTestCase10 - checking add button
21:09:53.434 [main] INFO  com.skillassure.happytrip.tests.ScheduleFlightTestCase1 - initializing the method
21:10:02.937 [main] INFO  com.skillassure.happytrip.tests.ScheduleFlightTestCase1 - entering as admin
21:10:04.269 [main] INFO  com.skillassure.happytrip.tests.ScheduleFlightTestCase1 - closing the browser
21:10:05.199 [main] INFO  com.skillassure.happytrip.tests.ScheduleFlightTestCase2 - initializing the method
21:10:12.204 [main] INFO  com.skillassure.happytrip.tests.ScheduleFlightTestCase2 - entering the flight
21:10:15.164 [main] INFO  com.skillassure.happytrip.tests.ScheduleFlightTestCase3 - initializing the method
21:10:22.055 [main] INFO  com.skillassure.happytrip.tests.ScheduleFlightTestCase3 - select the route
21:10:25.508 [main] INFO  com.skillassure.happytrip.tests.ScheduleFlightTestCase4 - initializing the method
21:10:32.314 [main] INFO  com.skillassure.happytrip.tests.ScheduleFlightTestCase4 - flll the distance
21:10:36.072 [main] INFO  com.skillassure.happytrip.tests.ScheduleFlightTestCase5 - initializing the method
21:10:42.830 [main] INFO  com.skillassure.happytrip.tests.ScheduleFlightTestCase5 - select the departure date
21:10:46.104 [main] INFO  com.skillassure.happytrip.tests.ScheduleFlightTestCase6 - initializing the method
21:10:52.679 [main] INFO  com.skillassure.happytrip.tests.ScheduleFlightTestCase6 - select the departure time
21:10:56.425 [main] INFO  com.skillassure.happytrip.tests.ScheduleFlightTestCase7 - initializing the method
21:11:03.391 [main] INFO  com.skillassure.happytrip.tests.ScheduleFlightTestCase7 - select the arrival date
21:11:07.607 [main] INFO  com.skillassure.happytrip.tests.ScheduleFlightTestCase8 - initializing the method
21:11:14.949 [main] INFO  com.skillassure.happytrip.tests.ScheduleFlightTestCase8 - select the arrival time
21:11:19.239 [main] INFO  com.skillassure.happytrip.tests.ScheduleFlightTestCase9 - initializing the method
21:11:26.442 [main] INFO  com.skillassure.happytrip.tests.ScheduleFlightTestCase9 - fill the business seat amount
21:11:30.677 [main] INFO  com.skillassure.happytrip.tests.ScheduleFlightTestCase10 - initializing the method
21:11:37.555 [main] INFO  com.skillassure.happytrip.tests.ScheduleFlightTestCase10 - checking add button
21:13:25.563 [main] INFO  com.skillassure.happytrip.tests.ScheduleFlightTestCase10 - initializing the method
21:13:33.922 [main] INFO  com.skillassure.happytrip.tests.ScheduleFlightTestCase10 - checking add button
21:14:00.143 [main] INFO  com.skillassure.happytrip.tests.ScheduleFlightTestCase9 - initializing the method
21:14:09.306 [main] INFO  com.skillassure.happytrip.tests.ScheduleFlightTestCase9 - fill the business seat amount
21:14:26.557 [main] INFO  com.skillassure.happytrip.tests.ScheduleFlightTestCase8 - initializing the method
21:14:34.269 [main] INFO  com.skillassure.happytrip.tests.ScheduleFlightTestCase8 - select the arrival time
21:15:17.845 [main] INFO  com.skillassure.happytrip.tests.ScheduleFlightTestCase7 - initializing the method
21:15:26.182 [main] INFO  com.skillassure.happytrip.tests.ScheduleFlightTestCase7 - select the arrival date
21:20:16.805 [main] INFO  com.skillassure.happytrip.tests.ScheduleFlightTestCase1 - initializing the method
21:20:25.453 [main] INFO  com.skillassure.happytrip.tests.ScheduleFlightTestCase1 - entering as admin
21:20:26.939 [main] INFO  com.skillassure.happytrip.tests.ScheduleFlightTestCase1 - closing the browser
21:20:27.968 [main] INFO  com.skillassure.happytrip.tests.ScheduleFlightTestCase2 - initializing the method
21:20:35.369 [main] INFO  com.skillassure.happytrip.tests.ScheduleFlightTestCase2 - entering the flight
21:20:38.416 [main] INFO  com.skillassure.happytrip.tests.ScheduleFlightTestCase3 - initializing the method
21:20:45.650 [main] INFO  com.skillassure.happytrip.tests.ScheduleFlightTestCase3 - select the route
21:20:48.664 [main] INFO  com.skillassure.happytrip.tests.ScheduleFlightTestCase4 - initializing the method
21:20:55.879 [main] INFO  com.skillassure.happytrip.tests.ScheduleFlightTestCase4 - flll the distance
21:20:59.089 [main] INFO  com.skillassure.happytrip.tests.ScheduleFlightTestCase5 - initializing the method
21:21:05.958 [main] INFO  com.skillassure.happytrip.tests.ScheduleFlightTestCase5 - select the departure date
21:21:10.023 [main] INFO  com.skillassure.happytrip.tests.ScheduleFlightTestCase6 - initializing the method
21:21:16.922 [main] INFO  com.skillassure.happytrip.tests.ScheduleFlightTestCase6 - select the departure time
21:21:22.195 [main] INFO  com.skillassure.happytrip.tests.ScheduleFlightTestCase7 - initializing the method
21:21:29.388 [main] INFO  com.skillassure.happytrip.tests.ScheduleFlightTestCase7 - select the arrival date
21:21:33.624 [main] INFO  com.skillassure.happytrip.tests.ScheduleFlightTestCase8 - initializing the method
21:21:40.785 [main] INFO  com.skillassure.happytrip.tests.ScheduleFlightTestCase8 - select the arrival time
21:21:45.652 [main] INFO  com.skillassure.happytrip.tests.ScheduleFlightTestCase9 - initializing the method
21:21:52.340 [main] INFO  com.skillassure.happytrip.tests.ScheduleFlightTestCase9 - fill the business seat amount
21:21:57.347 [main] INFO  com.skillassure.happytrip.tests.ScheduleFlightTestCase10 - initializing the method
21:22:04.544 [main] INFO  com.skillassure.happytrip.tests.ScheduleFlightTestCase10 - checking add button
21:27:01.740 [main] INFO  com.skillassure.happytrip.tests.ScheduleFlightTestCase1 - initializing the method
21:27:10.241 [main] INFO  com.skillassure.happytrip.tests.ScheduleFlightTestCase1 - entering as admin
21:27:11.602 [main] INFO  com.skillassure.happytrip.tests.ScheduleFlightTestCase1 - closing the browser
21:27:13.060 [main] INFO  com.skillassure.happytrip.tests.ScheduleFlightTestCase2 - initializing the method
21:27:19.738 [main] INFO  com.skillassure.happytrip.tests.ScheduleFlightTestCase2 - entering the flight
21:27:22.657 [main] INFO  com.skillassure.happytrip.tests.ScheduleFlightTestCase3 - initializing the method
21:27:29.638 [main] INFO  com.skillassure.happytrip.tests.ScheduleFlightTestCase3 - select the route
21:27:33.963 [main] INFO  com.skillassure.happytrip.tests.ScheduleFlightTestCase4 - initializing the method
21:27:40.526 [main] INFO  com.skillassure.happytrip.tests.ScheduleFlightTestCase4 - flll the distance
21:27:43.812 [main] INFO  com.skillassure.happytrip.tests.ScheduleFlightTestCase5 - initializing the method
21:27:50.581 [main] INFO  com.skillassure.happytrip.tests.ScheduleFlightTestCase5 - select the departure date
21:27:54.359 [main] INFO  com.skillassure.happytrip.tests.ScheduleFlightTestCase6 - initializing the method
21:28:01.201 [main] INFO  com.skillassure.happytrip.tests.ScheduleFlightTestCase6 - select the departure time
21:28:05.527 [main] INFO  com.skillassure.happytrip.tests.ScheduleFlightTestCase7 - initializing the method
21:28:12.434 [main] INFO  com.skillassure.happytrip.tests.ScheduleFlightTestCase7 - select the arrival date
21:28:16.944 [main] INFO  com.skillassure.happytrip.tests.ScheduleFlightTestCase8 - initializing the method
21:28:24.136 [main] INFO  com.skillassure.happytrip.tests.ScheduleFlightTestCase8 - select the arrival time
21:28:28.786 [main] INFO  com.skillassure.happytrip.tests.ScheduleFlightTestCase9 - initializing the method
21:28:35.611 [main] INFO  com.skillassure.happytrip.tests.ScheduleFlightTestCase9 - fill the business seat amount
21:28:40.945 [main] INFO  com.skillassure.happytrip.tests.ScheduleFlightTestCase10 - initializing the method
21:28:47.725 [main] INFO  com.skillassure.happytrip.tests.ScheduleFlightTestCase10 - checking add button
21:40:59.325 [main] INFO  com.skillassure.happytrip.tests.ScheduleFlightTestCase1 - initializing the method
21:41:08.141 [main] INFO  com.skillassure.happytrip.tests.ScheduleFlightTestCase1 - entering as admin
21:41:09.684 [main] INFO  com.skillassure.happytrip.tests.ScheduleFlightTestCase1 - closing the browser
21:41:23.877 [main] INFO  com.skillassure.happytrip.tests.ScheduleFlightTestCase10 - initializing the method
21:41:32.267 [main] INFO  com.skillassure.happytrip.tests.ScheduleFlightTestCase10 - checking add button
21:42:13.598 [main] INFO  com.skillassure.happytrip.tests.ScheduleFlightTestCase2 - initializing the method
21:42:22.409 [main] INFO  com.skillassure.happytrip.tests.ScheduleFlightTestCase2 - entering the flight
21:43:00.257 [main] INFO  com.skillassure.happytrip.tests.ScheduleFlightTestCase3 - initializing the method
21:43:08.804 [main] INFO  com.skillassure.happytrip.tests.ScheduleFlightTestCase3 - select the route
21:43:27.363 [main] INFO  com.skillassure.happytrip.tests.ScheduleFlightTestCase4 - initializing the method
21:43:35.365 [main] INFO  com.skillassure.happytrip.tests.ScheduleFlightTestCase4 - flll the distance
21:43:59.282 [main] INFO  com.skillassure.happytrip.tests.ScheduleFlightTestCase5 - initializing the method
21:44:08.069 [main] INFO  com.skillassure.happytrip.tests.ScheduleFlightTestCase5 - select the departure date
21:44:27.875 [main] INFO  com.skillassure.happytrip.tests.ScheduleFlightTestCase6 - initializing the method
21:44:36.325 [main] INFO  com.skillassure.happytrip.tests.ScheduleFlightTestCase6 - select the departure time
21:44:56.076 [main] INFO  com.skillassure.happytrip.tests.ScheduleFlightTestCase7 - initializing the method
21:45:04.522 [main] INFO  com.skillassure.happytrip.tests.ScheduleFlightTestCase7 - select the arrival date
21:45:22.598 [main] INFO  com.skillassure.happytrip.tests.ScheduleFlightTestCase8 - initializing the method
21:45:31.156 [main] INFO  com.skillassure.happytrip.tests.ScheduleFlightTestCase8 - select the arrival time
21:45:59.256 [main] INFO  com.skillassure.happytrip.tests.ScheduleFlightTestCase9 - initializing the method
21:46:07.561 [main] INFO  com.skillassure.happytrip.tests.ScheduleFlightTestCase9 - fill the business seat amount
21:48:16.037 [main] INFO  com.skillassure.happytrip.tests.ScheduleFlightTestCase1 - initializing the method
21:48:25.161 [main] INFO  com.skillassure.happytrip.tests.ScheduleFlightTestCase1 - entering as admin
21:48:27.457 [main] INFO  com.skillassure.happytrip.tests.ScheduleFlightTestCase1 - closing the browser
21:48:28.472 [main] INFO  com.skillassure.happytrip.tests.ScheduleFlightTestCase2 - initializing the method
21:48:41.674 [main] INFO  com.skillassure.happytrip.tests.ScheduleFlightTestCase2 - entering the flight
21:48:46.769 [main] INFO  com.skillassure.happytrip.tests.ScheduleFlightTestCase3 - initializing the method
21:48:54.005 [main] INFO  com.skillassure.happytrip.tests.ScheduleFlightTestCase3 - select the route
21:48:58.013 [main] INFO  com.skillassure.happytrip.tests.ScheduleFlightTestCase4 - initializing the method
21:49:05.092 [main] INFO  com.skillassure.happytrip.tests.ScheduleFlightTestCase4 - flll the distance
21:49:08.972 [main] INFO  com.skillassure.happytrip.tests.ScheduleFlightTestCase5 - initializing the method
21:49:16.019 [main] INFO  com.skillassure.happytrip.tests.ScheduleFlightTestCase5 - select the departure date
21:49:20.330 [main] INFO  com.skillassure.happytrip.tests.ScheduleFlightTestCase6 - initializing the method
21:49:29.396 [main] INFO  com.skillassure.happytrip.tests.ScheduleFlightTestCase6 - select the departure time
21:49:33.978 [main] INFO  com.skillassure.happytrip.tests.ScheduleFlightTestCase7 - initializing the method
21:49:40.864 [main] INFO  com.skillassure.happytrip.tests.ScheduleFlightTestCase7 - select the arrival date
21:49:45.322 [main] INFO  com.skillassure.happytrip.tests.ScheduleFlightTestCase8 - initializing the method
21:49:52.255 [main] INFO  com.skillassure.happytrip.tests.ScheduleFlightTestCase8 - select the arrival time
21:49:56.374 [main] INFO  com.skillassure.happytrip.tests.ScheduleFlightTestCase9 - initializing the method
21:50:03.161 [main] INFO  com.skillassure.happytrip.tests.ScheduleFlightTestCase9 - fill the business seat amount
21:50:07.775 [main] INFO  com.skillassure.happytrip.tests.ScheduleFlightTestCase10 - initializing the method
21:50:14.660 [main] INFO  com.skillassure.happytrip.tests.ScheduleFlightTestCase10 - checking add button
22:10:05.389 [main] INFO  com.skillassure.happytrip.tests.ScheduleFlightTestCase10 - initializing the method
22:10:16.590 [main] INFO  com.skillassure.happytrip.tests.ScheduleFlightTestCase10 - checking add button
22:13:00.790 [main] INFO  com.skillassure.happytrip.tests.ScheduleFlightTestCase10 - initializing the method
22:13:11.664 [main] INFO  com.skillassure.happytrip.tests.ScheduleFlightTestCase10 - checking add button
22:17:44.545 [main] INFO  com.skillassure.happytrip.tests.ScheduleFlightTestCase10 - initializing the method
22:17:55.198 [main] INFO  com.skillassure.happytrip.tests.ScheduleFlightTestCase10 - checking add button
22:22:35.108 [main] INFO  com.skillassure.happytrip.tests.ScheduleFlightTestCase10 - initializing the method
22:22:51.041 [main] INFO  com.skillassure.happytrip.tests.ScheduleFlightTestCase10 - checking add button
22:23:31.897 [main] INFO  com.skillassure.happytrip.utils.WebEventListener - sending mail
22:24:45.238 [main] INFO  com.skillassure.happytrip.tests.ScheduleFlightTestCase10 - initializing the method
22:25:04.874 [main] INFO  com.skillassure.happytrip.tests.ScheduleFlightTestCase10 - checking add button
22:25:33.758 [main] INFO  com.skillassure.happytrip.utils.WebEventListener - sending mail
22:26:42.156 [main] INFO  com.skillassure.happytrip.tests.ScheduleFlightTestCase10 - initializing the method
22:26:57.036 [main] INFO  com.skillassure.happytrip.tests.ScheduleFlightTestCase10 - checking add button
22:27:22.168 [main] INFO  com.skillassure.happytrip.utils.WebEventListener - sending mail
22:33:19.320 [main] INFO  com.skillassure.happytrip.tests.ScheduleFlightTestCase10 - initializing the method
22:33:29.269 [main] INFO  com.skillassure.happytrip.tests.ScheduleFlightTestCase10 - checking add button
22:40:26.866 [main] INFO  com.skillassure.happytrip.tests.ScheduleFlightTestCase1 - initializing the method
22:40:35.902 [main] INFO  com.skillassure.happytrip.tests.ScheduleFlightTestCase1 - entering as admin
22:40:37.304 [main] INFO  com.skillassure.happytrip.tests.ScheduleFlightTestCase1 - closing the browser
22:40:38.349 [main] INFO  com.skillassure.happytrip.tests.ScheduleFlightTestCase2 - initializing the method
22:40:45.936 [main] INFO  com.skillassure.happytrip.tests.ScheduleFlightTestCase2 - entering the flight
22:40:49.071 [main] INFO  com.skillassure.happytrip.tests.ScheduleFlightTestCase3 - initializing the method
22:40:56.296 [main] INFO  com.skillassure.happytrip.tests.ScheduleFlightTestCase3 - select the route
22:41:00.123 [main] INFO  com.skillassure.happytrip.tests.ScheduleFlightTestCase4 - initializing the method
22:41:07.588 [main] INFO  com.skillassure.happytrip.tests.ScheduleFlightTestCase4 - flll the distance
22:41:11.990 [main] INFO  com.skillassure.happytrip.tests.ScheduleFlightTestCase5 - initializing the method
22:41:19.813 [main] INFO  com.skillassure.happytrip.tests.ScheduleFlightTestCase5 - select the departure date
22:41:23.504 [main] INFO  com.skillassure.happytrip.tests.ScheduleFlightTestCase6 - initializing the method
22:41:31.532 [main] INFO  com.skillassure.happytrip.tests.ScheduleFlightTestCase6 - select the departure time
22:41:36.284 [main] INFO  com.skillassure.happytrip.tests.ScheduleFlightTestCase7 - initializing the method
22:41:43.714 [main] INFO  com.skillassure.happytrip.tests.ScheduleFlightTestCase7 - select the arrival date
22:41:47.923 [main] INFO  com.skillassure.happytrip.tests.ScheduleFlightTestCase8 - initializing the method
22:41:55.312 [main] INFO  com.skillassure.happytrip.tests.ScheduleFlightTestCase8 - select the arrival time
22:42:01.585 [main] INFO  com.skillassure.happytrip.tests.ScheduleFlightTestCase9 - initializing the method
22:42:11.051 [main] INFO  com.skillassure.happytrip.tests.ScheduleFlightTestCase9 - fill the business seat amount
22:42:18.871 [main] INFO  com.skillassure.happytrip.tests.ScheduleFlightTestCase10 - initializing the method
22:42:27.711 [main] INFO  com.skillassure.happytrip.tests.ScheduleFlightTestCase10 - checking add button
22:45:27.784 [main] INFO  com.skillassure.happytrip.tests.ScheduleFlightTestCase10 - initializing the method
22:45:37.454 [main] INFO  com.skillassure.happytrip.tests.ScheduleFlightTestCase10 - checking add button
22:48:14.942 [main] INFO  com.skillassure.happytrip.tests.ScheduleFlightTestCase1 - initializing the method
22:48:23.983 [main] INFO  com.skillassure.happytrip.tests.ScheduleFlightTestCase1 - entering as admin
22:48:25.470 [main] INFO  com.skillassure.happytrip.tests.ScheduleFlightTestCase1 - closing the browser
22:48:26.961 [main] INFO  com.skillassure.happytrip.tests.ScheduleFlightTestCase2 - initializing the method
22:48:34.791 [main] INFO  com.skillassure.happytrip.tests.ScheduleFlightTestCase2 - entering the flight
22:48:37.932 [main] INFO  com.skillassure.happytrip.tests.ScheduleFlightTestCase3 - initializing the method
22:48:45.089 [main] INFO  com.skillassure.happytrip.tests.ScheduleFlightTestCase3 - select the route
22:48:48.726 [main] INFO  com.skillassure.happytrip.tests.ScheduleFlightTestCase4 - initializing the method
22:48:59.336 [main] INFO  com.skillassure.happytrip.tests.ScheduleFlightTestCase4 - flll the distance
22:49:04.391 [main] INFO  com.skillassure.happytrip.tests.ScheduleFlightTestCase5 - initializing the method
22:49:13.305 [main] INFO  com.skillassure.happytrip.tests.ScheduleFlightTestCase5 - select the departure date
22:49:36.901 [main] INFO  com.skillassure.happytrip.tests.ScheduleFlightTestCase6 - initializing the method
22:49:47.059 [main] INFO  com.skillassure.happytrip.tests.ScheduleFlightTestCase6 - select the departure time
22:49:50.896 [main] INFO  com.skillassure.happytrip.tests.ScheduleFlightTestCase7 - initializing the method
22:49:57.927 [main] INFO  com.skillassure.happytrip.tests.ScheduleFlightTestCase7 - select the arrival date
22:50:02.029 [main] INFO  com.skillassure.happytrip.tests.ScheduleFlightTestCase8 - initializing the method
22:50:09.762 [main] INFO  com.skillassure.happytrip.tests.ScheduleFlightTestCase8 - select the arrival time
22:50:14.335 [main] INFO  com.skillassure.happytrip.tests.ScheduleFlightTestCase9 - initializing the method
22:50:21.294 [main] INFO  com.skillassure.happytrip.tests.ScheduleFlightTestCase9 - fill the business seat amount
22:50:26.380 [main] INFO  com.skillassure.happytrip.tests.ScheduleFlightTestCase10 - initializing the method
22:50:34.614 [main] INFO  com.skillassure.happytrip.tests.ScheduleFlightTestCase10 - checking add button
22:53:02.916 [main] INFO  com.skillassure.happytrip.tests.ScheduleFlightTestCase10 - initializing the method
22:53:11.418 [main] INFO  com.skillassure.happytrip.tests.ScheduleFlightTestCase10 - checking add button
23:16:17.683 [main] INFO  com.skillassure.happytrip.tests.ScheduleFlightTestCase10 - initializing the method
23:16:27.428 [main] INFO  com.skillassure.happytrip.tests.ScheduleFlightTestCase10 - checking add button
23:21:52.374 [main] INFO  com.skillassure.happytrip.tests.ScheduleFlightTestCase10 - initializing the method
23:22:01.654 [main] INFO  com.skillassure.happytrip.tests.ScheduleFlightTestCase10 - checking add button
23:26:36.569 [main] INFO  com.skillassure.happytrip.tests.ScheduleFlightTestCase10 - initializing the method
23:26:45.539 [main] INFO  com.skillassure.happytrip.tests.ScheduleFlightTestCase10 - checking add button
23:55:37.118 [main] INFO  com.skillassure.happytrip.tests.ScheduleFlightTestCase1 - initializing the method
23:55:48.498 [main] INFO  com.skillassure.happytrip.tests.ScheduleFlightTestCase1 - entering as admin
23:55:50.323 [main] INFO  com.skillassure.happytrip.tests.ScheduleFlightTestCase1 - closing the browser
23:55:51.448 [main] INFO  com.skillassure.happytrip.tests.ScheduleFlightTestCase2 - initializing the method
23:56:01.315 [main] INFO  com.skillassure.happytrip.tests.ScheduleFlightTestCase2 - entering the flight
23:56:05.085 [main] INFO  com.skillassure.happytrip.tests.ScheduleFlightTestCase3 - initializing the method
23:56:12.372 [main] INFO  com.skillassure.happytrip.tests.ScheduleFlightTestCase3 - select the route
23:56:15.387 [main] INFO  com.skillassure.happytrip.tests.ScheduleFlightTestCase4 - initializing the method
23:56:22.253 [main] INFO  com.skillassure.happytrip.tests.ScheduleFlightTestCase4 - flll the distance
23:56:25.578 [main] INFO  com.skillassure.happytrip.tests.ScheduleFlightTestCase5 - initializing the method
23:56:32.361 [main] INFO  com.skillassure.happytrip.tests.ScheduleFlightTestCase5 - select the departure date
23:56:36.026 [main] INFO  com.skillassure.happytrip.tests.ScheduleFlightTestCase6 - initializing the method
23:56:43.294 [main] INFO  com.skillassure.happytrip.tests.ScheduleFlightTestCase6 - select the departure time
23:56:46.931 [main] INFO  com.skillassure.happytrip.tests.ScheduleFlightTestCase7 - initializing the method
23:56:53.814 [main] INFO  com.skillassure.happytrip.tests.ScheduleFlightTestCase7 - select the arrival date
23:56:57.837 [main] INFO  com.skillassure.happytrip.tests.ScheduleFlightTestCase8 - initializing the method
23:57:04.772 [main] INFO  com.skillassure.happytrip.tests.ScheduleFlightTestCase8 - select the arrival time
23:57:09.541 [main] INFO  com.skillassure.happytrip.tests.ScheduleFlightTestCase9 - initializing the method
23:57:16.441 [main] INFO  com.skillassure.happytrip.tests.ScheduleFlightTestCase9 - fill the business seat amount
23:57:21.532 [main] INFO  com.skillassure.happytrip.tests.ScheduleFlightTestCase10 - initializing the method
23:57:28.526 [main] INFO  com.skillassure.happytrip.tests.ScheduleFlightTestCase10 - checking add button
16:20:20.263 [main] INFO  com.skillassure.happytrip.tests.ScheduleFlightTestCase1 - initializing the method
16:20:30.275 [main] INFO  com.skillassure.happytrip.tests.ScheduleFlightTestCase1 - entering as admin
16:20:31.998 [main] INFO  com.skillassure.happytrip.tests.ScheduleFlightTestCase1 - closing the browser
16:20:32.978 [main] INFO  com.skillassure.happytrip.tests.ScheduleFlightTestCase2 - initializing the method
16:20:40.120 [main] INFO  com.skillassure.happytrip.tests.ScheduleFlightTestCase2 - entering the flight
16:20:43.468 [main] INFO  com.skillassure.happytrip.tests.ScheduleFlightTestCase3 - initializing the method
16:20:50.730 [main] INFO  com.skillassure.happytrip.tests.ScheduleFlightTestCase3 - select the route
16:20:54.564 [main] INFO  com.skillassure.happytrip.tests.ScheduleFlightTestCase4 - initializing the method
16:21:01.647 [main] INFO  com.skillassure.happytrip.tests.ScheduleFlightTestCase4 - flll the distance
16:21:05.675 [main] INFO  com.skillassure.happytrip.tests.ScheduleFlightTestCase5 - initializing the method
16:21:12.892 [main] INFO  com.skillassure.happytrip.tests.ScheduleFlightTestCase5 - select the departure date
16:21:16.411 [main] INFO  com.skillassure.happytrip.tests.ScheduleFlightTestCase6 - initializing the method
16:21:25.017 [main] INFO  com.skillassure.happytrip.tests.ScheduleFlightTestCase6 - select the departure time
16:21:30.134 [main] INFO  com.skillassure.happytrip.tests.ScheduleFlightTestCase7 - initializing the method
16:21:36.866 [main] INFO  com.skillassure.happytrip.tests.ScheduleFlightTestCase7 - select the arrival date
16:21:41.460 [main] INFO  com.skillassure.happytrip.tests.ScheduleFlightTestCase8 - initializing the method
16:21:48.618 [main] INFO  com.skillassure.happytrip.tests.ScheduleFlightTestCase8 - select the arrival time
16:21:53.311 [main] INFO  com.skillassure.happytrip.tests.ScheduleFlightTestCase9 - initializing the method
16:22:00.271 [main] INFO  com.skillassure.happytrip.tests.ScheduleFlightTestCase9 - fill the business seat amount
16:22:05.240 [main] INFO  com.skillassure.happytrip.tests.ScheduleFlightTestCase10 - initializing the method
16:22:11.914 [main] INFO  com.skillassure.happytrip.tests.ScheduleFlightTestCase10 - checking add button
16:35:50.498 [main] INFO  com.skillassure.happytrip.tests.ScheduleFlightTestCase1 - initializing the method
16:36:00.834 [main] INFO  com.skillassure.happytrip.tests.ScheduleFlightTestCase1 - entering as admin
16:36:02.731 [main] INFO  com.skillassure.happytrip.tests.ScheduleFlightTestCase1 - closing the browser
16:36:03.666 [main] INFO  com.skillassure.happytrip.tests.ScheduleFlightTestCase2 - initializing the method
16:36:12.001 [main] INFO  com.skillassure.happytrip.tests.ScheduleFlightTestCase2 - entering the flight
16:36:15.149 [main] INFO  com.skillassure.happytrip.tests.ScheduleFlightTestCase3 - initializing the method
16:36:22.986 [main] INFO  com.skillassure.happytrip.tests.ScheduleFlightTestCase3 - select the route
16:36:26.984 [main] INFO  com.skillassure.happytrip.tests.ScheduleFlightTestCase4 - initializing the method
16:36:34.354 [main] INFO  com.skillassure.happytrip.tests.ScheduleFlightTestCase4 - flll the distance
16:36:39.075 [main] INFO  com.skillassure.happytrip.tests.ScheduleFlightTestCase5 - initializing the method
16:36:45.620 [main] INFO  com.skillassure.happytrip.tests.ScheduleFlightTestCase5 - select the departure date
16:36:49.771 [main] INFO  com.skillassure.happytrip.tests.ScheduleFlightTestCase6 - initializing the method
16:36:56.441 [main] INFO  com.skillassure.happytrip.tests.ScheduleFlightTestCase6 - select the departure time
16:37:00.216 [main] INFO  com.skillassure.happytrip.tests.ScheduleFlightTestCase7 - initializing the method
16:37:07.162 [main] INFO  com.skillassure.happytrip.tests.ScheduleFlightTestCase7 - select the arrival date
16:37:11.346 [main] INFO  com.skillassure.happytrip.tests.ScheduleFlightTestCase8 - initializing the method
16:37:18.121 [main] INFO  com.skillassure.happytrip.tests.ScheduleFlightTestCase8 - select the arrival time
16:37:22.163 [main] INFO  com.skillassure.happytrip.tests.ScheduleFlightTestCase9 - initializing the method
16:37:28.798 [main] INFO  com.skillassure.happytrip.tests.ScheduleFlightTestCase9 - fill the business seat amount
16:37:33.092 [main] INFO  com.skillassure.happytrip.tests.ScheduleFlightTestCase10 - initializing the method
16:37:39.711 [main] INFO  com.skillassure.happytrip.tests.ScheduleFlightTestCase10 - checking add button
